0 info it worked if it ends with ok
1 verbose cli [ 'C:\\Program Files\\nodejs\\node.exe',
1 verbose cli   'C:\\Users\\thiyagu.subramani\\AppData\\Roaming\\npm\\node_modules\\npm\\bin\\npm-cli.js',
1 verbose cli   'run',
1 verbose cli   'dev' ]
2 info using npm@3.10.10
3 info using node@v8.9.3
4 verbose run-script [ 'predev', 'dev', 'postdev' ]
5 info lifecycle vue-router-01@1.0.0~predev: vue-router-01@1.0.0
6 silly lifecycle vue-router-01@1.0.0~predev: no script for predev, continuing
7 info lifecycle vue-router-01@1.0.0~dev: vue-router-01@1.0.0
8 verbose lifecycle vue-router-01@1.0.0~dev: unsafe-perm in lifecycle true
9 verbose lifecycle vue-router-01@1.0.0~dev: PATH: C:\Users\thiyagu.subramani\AppData\Roaming\npm\node_modules\npm\bin\node-gyp-bin;D:\Thiyagu-samples\feature Matrix\new folder\vue-router-01\node_modules\.bin;C:\ProgramData\Oracle\Java\javapath;C:\WINDOWS\system32;C:\WINDOWS;C:\WINDOWS\System32\Wbem;C:\WINDOWS\System32\WindowsPowerShell\v1.0\;C:\WINDOWS\system32\config\systemprofile\.dnx\bin;C:\Program Files\Microsoft DNX\Dnvm\;C:\Program Files\Microsoft SQL Server\130\Tools\Binn\;C:\Program Files\TortoiseSVN\bin;C:\Program Files\dotnet\;C:\Program Files\nodejs\;C:\Program Files\TortoiseGit\bin;C:\Program Files (x86)\Git\cmd;C:\Ruby24-x64\bin;C:\Users\thiyagu.subramani\AppData\Local\Microsoft\WindowsApps;C:\Program Files (x86)\Microsoft VS Code\bin;C:\Users\thiyagu.subramani\AppData\Roaming\npm;
10 verbose lifecycle vue-router-01@1.0.0~dev: CWD: D:\Thiyagu-samples\feature Matrix\new folder\vue-router-01
11 silly lifecycle vue-router-01@1.0.0~dev: Args: [ '/d /s /c',
11 silly lifecycle   'webpack-dev-server --inline --progress --config build/webpack.dev.conf.js' ]
12 silly lifecycle vue-router-01@1.0.0~dev: Returned: code: 1073807364  signal: null
13 info lifecycle vue-router-01@1.0.0~dev: Failed to exec dev script
14 verbose stack Error: vue-router-01@1.0.0 dev: `webpack-dev-server --inline --progress --config build/webpack.dev.conf.js`
14 verbose stack Exit status 1073807364
14 verbose stack     at EventEmitter.<anonymous> (C:\Users\thiyagu.subramani\AppData\Roaming\npm\node_modules\npm\lib\utils\lifecycle.js:255:16)
14 verbose stack     at emitTwo (events.js:126:13)
14 verbose stack     at EventEmitter.emit (events.js:214:7)
14 verbose stack     at ChildProcess.<anonymous> (C:\Users\thiyagu.subramani\AppData\Roaming\npm\node_modules\npm\lib\utils\spawn.js:40:14)
14 verbose stack     at emitTwo (events.js:126:13)
14 verbose stack     at ChildProcess.emit (events.js:214:7)
14 verbose stack     at maybeClose (internal/child_process.js:925:16)
14 verbose stack     at Process.ChildProcess._handle.onexit (internal/child_process.js:209:5)
15 verbose pkgid vue-router-01@1.0.0
16 verbose cwd D:\Thiyagu-samples\feature Matrix\new folder\vue-router-01
17 error Windows_NT 10.0.16299
18 error argv "C:\\Program Files\\nodejs\\node.exe" "C:\\Users\\thiyagu.subramani\\AppData\\Roaming\\npm\\node_modules\\npm\\bin\\npm-cli.js" "run" "dev"
19 error node v8.9.3
20 error npm  v3.10.10
21 error code ELIFECYCLE
22 error vue-router-01@1.0.0 dev: `webpack-dev-server --inline --progress --config build/webpack.dev.conf.js`
22 error Exit status 1073807364
23 error Failed at the vue-router-01@1.0.0 dev script 'webpack-dev-server --inline --progress --config build/webpack.dev.conf.js'.
23 error Make sure you have the latest version of node.js and npm installed.
23 error If you do, this is most likely a problem with the vue-router-01 package,
23 error not with npm itself.
23 error Tell the author that this fails on your system:
23 error     webpack-dev-server --inline --progress --config build/webpack.dev.conf.js
23 error You can get information on how to open an issue for this project with:
23 error     npm bugs vue-router-01
23 error Or if that isn't available, you can get their info via:
23 error     npm owner ls vue-router-01
23 error There is likely additional logging output above.
24 verbose exit [ 1, true ]
